2025-09-26 16:44:27,225 - __main___Intel_2024_10-K_subset - INFO - Output directory created: data/parsed/camelot_output/Intel_2024_10-K_subset
2025-09-26 16:44:27,225 - __main___Intel_2024_10-K_subset - INFO - Initialized Enhanced Camelot extractor for: Intel_2024_10-K_subset.pdf
2025-09-26 16:44:27,225 - __main___Intel_2024_10-K_subset - INFO - === Starting Enhanced Camelot Extraction ===
2025-09-26 16:44:27,225 - __main___Intel_2024_10-K_subset - INFO - Starting enhanced lattice table extraction...
2025-09-26 16:44:39,085 - __main___Intel_2024_10-K_subset - INFO - Basic lattice method found 3 tables
2025-09-26 16:44:39,088 - __main___Intel_2024_10-K_subset - WARNING - Table 1 became empty after cleaning
2025-09-26 16:44:39,102 - __main___Intel_2024_10-K_subset - INFO - Valid table saved: data/parsed/camelot_output/Intel_2024_10-K_subset/tables_csv/lattice_basic_table_2_page_15.csv
2025-09-26 16:44:39,111 - __main___Intel_2024_10-K_subset - INFO - Valid table saved: data/parsed/camelot_output/Intel_2024_10-K_subset/tables_csv/lattice_basic_table_3_page_16.csv
2025-09-26 16:44:50,008 - __main___Intel_2024_10-K_subset - INFO - Advanced lattice method found 9 tables
2025-09-26 16:44:50,013 - __main___Intel_2024_10-K_subset - WARNING - Table 1 became empty after cleaning
2025-09-26 16:44:50,015 - __main___Intel_2024_10-K_subset - WARNING - Table 2 became empty after cleaning
2025-09-26 16:44:50,017 - __main___Intel_2024_10-K_subset - WARNING - Table 3 became empty after cleaning
2025-09-26 16:44:50,020 - __main___Intel_2024_10-K_subset - WARNING - Table 4 became empty after cleaning
2025-09-26 16:44:50,022 - __main___Intel_2024_10-K_subset - WARNING - Table 5 became empty after cleaning
2025-09-26 16:44:50,025 - __main___Intel_2024_10-K_subset - WARNING - Table 6 became empty after cleaning
2025-09-26 16:44:50,027 - __main___Intel_2024_10-K_subset - WARNING - Table 7 became empty after cleaning
2025-09-26 16:44:50,034 - __main___Intel_2024_10-K_subset - INFO - Valid table saved: data/parsed/camelot_output/Intel_2024_10-K_subset/tables_csv/lattice_advanced_table_8_page_15.csv
2025-09-26 16:44:50,041 - __main___Intel_2024_10-K_subset - INFO - Valid table saved: data/parsed/camelot_output/Intel_2024_10-K_subset/tables_csv/lattice_advanced_table_9_page_16.csv
2025-09-26 16:44:50,051 - __main___Intel_2024_10-K_subset - INFO - Starting enhanced stream table extraction...
2025-09-26 16:44:52,697 - __main___Intel_2024_10-K_subset - INFO - Basic stream method found 26 tables
2025-09-26 16:44:52,701 - __main___Intel_2024_10-K_subset - INFO - Filtered table: stream_basic_1 - Reasons: insufficient_size
2025-09-26 16:44:52,704 - __main___Intel_2024_10-K_subset - INFO - Filtered table: stream_basic_2 - Reasons: insufficient_size
2025-09-26 16:44:52,712 - __main___Intel_2024_10-K_subset - INFO - Filtered table: stream_basic_3 - Reasons: insufficient_size
2025-09-26 16:44:52,715 - __main___Intel_2024_10-K_subset - INFO - Filtered table: stream_basic_4 - Reasons: insufficient_size
2025-09-26 16:44:52,723 - __main___Intel_2024_10-K_subset - INFO - Filtered table: stream_basic_5 - Reasons: insufficient_size
2025-09-26 16:44:52,729 - __main___Intel_2024_10-K_subset - INFO - Filtered table: stream_basic_6 - Reasons: insufficient_size
2025-09-26 16:44:52,734 - __main___Intel_2024_10-K_subset - INFO - Filtered table: stream_basic_7 - Reasons: insufficient_size
2025-09-26 16:44:52,738 - __main___Intel_2024_10-K_subset - INFO - Filtered table: stream_basic_8 - Reasons: insufficient_size
2025-09-26 16:44:52,748 - __main___Intel_2024_10-K_subset - INFO - Valid table saved: data/parsed/camelot_output/Intel_2024_10-K_subset/tables_csv/stream_basic_table_9_page_7.csv
2025-09-26 16:44:52,752 - __main___Intel_2024_10-K_subset - INFO - Filtered table: stream_basic_10 - Reasons: insufficient_size
2025-09-26 16:44:52,756 - __main___Intel_2024_10-K_subset - INFO - Filtered table: stream_basic_11 - Reasons: insufficient_size
2025-09-26 16:44:52,759 - __main___Intel_2024_10-K_subset - INFO - Filtered table: stream_basic_12 - Reasons: insufficient_size
2025-09-26 16:44:52,766 - __main___Intel_2024_10-K_subset - INFO - Filtered table: stream_basic_13 - Reasons: insufficient_size
2025-09-26 16:44:52,771 - __main___Intel_2024_10-K_subset - INFO - Filtered table: stream_basic_14 - Reasons: insufficient_size
2025-09-26 16:44:52,778 - __main___Intel_2024_10-K_subset - INFO - Valid table saved: data/parsed/camelot_output/Intel_2024_10-K_subset/tables_csv/stream_basic_table_15_page_11.csv
2025-09-26 16:44:52,787 - __main___Intel_2024_10-K_subset - INFO - Valid table saved: data/parsed/camelot_output/Intel_2024_10-K_subset/tables_csv/stream_basic_table_16_page_12.csv
2025-09-26 16:44:52,790 - __main___Intel_2024_10-K_subset - INFO - Filtered table: stream_basic_17 - Reasons: insufficient_size
2025-09-26 16:44:52,799 - __main___Intel_2024_10-K_subset - INFO - Valid table saved: data/parsed/camelot_output/Intel_2024_10-K_subset/tables_csv/stream_basic_table_18_page_14.csv
2025-09-26 16:44:52,802 - __main___Intel_2024_10-K_subset - INFO - Filtered table: stream_basic_19 - Reasons: insufficient_size
2025-09-26 16:44:52,811 - __main___Intel_2024_10-K_subset - INFO - Valid table saved: data/parsed/camelot_output/Intel_2024_10-K_subset/tables_csv/stream_basic_table_20_page_15.csv
2025-09-26 16:44:52,823 - __main___Intel_2024_10-K_subset - INFO - Valid table saved: data/parsed/camelot_output/Intel_2024_10-K_subset/tables_csv/stream_basic_table_21_page_16.csv
2025-09-26 16:44:52,834 - __main___Intel_2024_10-K_subset - INFO - Valid table saved: data/parsed/camelot_output/Intel_2024_10-K_subset/tables_csv/stream_basic_table_22_page_17.csv
2025-09-26 16:44:52,848 - __main___Intel_2024_10-K_subset - INFO - Valid table saved: data/parsed/camelot_output/Intel_2024_10-K_subset/tables_csv/stream_basic_table_23_page_17.csv
2025-09-26 16:44:52,862 - __main___Intel_2024_10-K_subset - INFO - Valid table saved: data/parsed/camelot_output/Intel_2024_10-K_subset/tables_csv/stream_basic_table_24_page_18.csv
2025-09-26 16:44:52,872 - __main___Intel_2024_10-K_subset - INFO - Valid table saved: data/parsed/camelot_output/Intel_2024_10-K_subset/tables_csv/stream_basic_table_25_page_19.csv
2025-09-26 16:44:52,884 - __main___Intel_2024_10-K_subset - INFO - Valid table saved: data/parsed/camelot_output/Intel_2024_10-K_subset/tables_csv/stream_basic_table_26_page_20.csv
2025-09-26 16:44:55,642 - __main___Intel_2024_10-K_subset - INFO - Stream with edge tolerance found 26 tables
2025-09-26 16:44:55,666 - __main___Intel_2024_10-K_subset - INFO - Valid table saved: data/parsed/camelot_output/Intel_2024_10-K_subset/tables_csv/stream_edge_tol_table_1_page_1.csv
2025-09-26 16:44:55,670 - __main___Intel_2024_10-K_subset - INFO - Filtered table: stream_edge_tol_2 - Reasons: insufficient_size
2025-09-26 16:44:55,678 - __main___Intel_2024_10-K_subset - INFO - Filtered table: stream_edge_tol_3 - Reasons: insufficient_size
2025-09-26 16:44:55,682 - __main___Intel_2024_10-K_subset - INFO - Filtered table: stream_edge_tol_4 - Reasons: insufficient_size
2025-09-26 16:44:55,691 - __main___Intel_2024_10-K_subset - INFO - Filtered table: stream_edge_tol_5 - Reasons: insufficient_size
2025-09-26 16:44:55,696 - __main___Intel_2024_10-K_subset - INFO - Filtered table: stream_edge_tol_6 - Reasons: insufficient_size
2025-09-26 16:44:55,703 - __main___Intel_2024_10-K_subset - INFO - Filtered table: stream_edge_tol_7 - Reasons: insufficient_size
2025-09-26 16:44:55,709 - __main___Intel_2024_10-K_subset - INFO - Filtered table: stream_edge_tol_8 - Reasons: insufficient_size
2025-09-26 16:44:55,720 - __main___Intel_2024_10-K_subset - INFO - Valid table saved: data/parsed/camelot_output/Intel_2024_10-K_subset/tables_csv/stream_edge_tol_table_9_page_7.csv
2025-09-26 16:44:55,724 - __main___Intel_2024_10-K_subset - INFO - Filtered table: stream_edge_tol_10 - Reasons: insufficient_size
2025-09-26 16:44:55,732 - __main___Intel_2024_10-K_subset - INFO - Valid table saved: data/parsed/camelot_output/Intel_2024_10-K_subset/tables_csv/stream_edge_tol_table_11_page_8.csv
2025-09-26 16:44:55,736 - __main___Intel_2024_10-K_subset - INFO - Filtered table: stream_edge_tol_12 - Reasons: insufficient_size
2025-09-26 16:44:55,746 - __main___Intel_2024_10-K_subset - INFO - Filtered table: stream_edge_tol_13 - Reasons: insufficient_size
2025-09-26 16:44:55,752 - __main___Intel_2024_10-K_subset - INFO - Filtered table: stream_edge_tol_14 - Reasons: insufficient_size
2025-09-26 16:44:55,760 - __main___Intel_2024_10-K_subset - INFO - Valid table saved: data/parsed/camelot_output/Intel_2024_10-K_subset/tables_csv/stream_edge_tol_table_15_page_11.csv
2025-09-26 16:44:55,766 - __main___Intel_2024_10-K_subset - INFO - Filtered table: stream_edge_tol_16 - Reasons: insufficient_size
2025-09-26 16:44:55,769 - __main___Intel_2024_10-K_subset - INFO - Filtered table: stream_edge_tol_17 - Reasons: insufficient_size
2025-09-26 16:44:55,778 - __main___Intel_2024_10-K_subset - INFO - Valid table saved: data/parsed/camelot_output/Intel_2024_10-K_subset/tables_csv/stream_edge_tol_table_18_page_14.csv
2025-09-26 16:44:55,783 - __main___Intel_2024_10-K_subset - INFO - Filtered table: stream_edge_tol_19 - Reasons: insufficient_size
2025-09-26 16:44:55,790 - __main___Intel_2024_10-K_subset - INFO - Filtered table: stream_edge_tol_20 - Reasons: insufficient_size
2025-09-26 16:44:55,800 - __main___Intel_2024_10-K_subset - INFO - Filtered table: stream_edge_tol_21 - Reasons: insufficient_size
2025-09-26 16:44:55,811 - __main___Intel_2024_10-K_subset - INFO - Valid table saved: data/parsed/camelot_output/Intel_2024_10-K_subset/tables_csv/stream_edge_tol_table_22_page_17.csv
2025-09-26 16:44:55,824 - __main___Intel_2024_10-K_subset - INFO - Valid table saved: data/parsed/camelot_output/Intel_2024_10-K_subset/tables_csv/stream_edge_tol_table_23_page_17.csv
2025-09-26 16:44:55,839 - __main___Intel_2024_10-K_subset - INFO - Valid table saved: data/parsed/camelot_output/Intel_2024_10-K_subset/tables_csv/stream_edge_tol_table_24_page_18.csv
2025-09-26 16:44:55,854 - __main___Intel_2024_10-K_subset - INFO - Valid table saved: data/parsed/camelot_output/Intel_2024_10-K_subset/tables_csv/stream_edge_tol_table_25_page_19.csv
2025-09-26 16:44:55,867 - __main___Intel_2024_10-K_subset - INFO - Valid table saved: data/parsed/camelot_output/Intel_2024_10-K_subset/tables_csv/stream_edge_tol_table_26_page_20.csv
2025-09-26 16:44:58,651 - __main___Intel_2024_10-K_subset - INFO - Custom stream found 26 tables
2025-09-26 16:44:58,674 - __main___Intel_2024_10-K_subset - INFO - Filtered table: stream_custom_1 - Reasons: insufficient_size
2025-09-26 16:44:58,678 - __main___Intel_2024_10-K_subset - INFO - Filtered table: stream_custom_2 - Reasons: insufficient_size
2025-09-26 16:44:58,686 - __main___Intel_2024_10-K_subset - INFO - Filtered table: stream_custom_3 - Reasons: insufficient_size
2025-09-26 16:44:58,689 - __main___Intel_2024_10-K_subset - INFO - Filtered table: stream_custom_4 - Reasons: insufficient_size
2025-09-26 16:44:58,698 - __main___Intel_2024_10-K_subset - INFO - Filtered table: stream_custom_5 - Reasons: insufficient_size
2025-09-26 16:44:58,704 - __main___Intel_2024_10-K_subset - INFO - Filtered table: stream_custom_6 - Reasons: insufficient_size
2025-09-26 16:44:58,711 - __main___Intel_2024_10-K_subset - INFO - Filtered table: stream_custom_7 - Reasons: insufficient_size
2025-09-26 16:44:58,716 - __main___Intel_2024_10-K_subset - INFO - Filtered table: stream_custom_8 - Reasons: insufficient_size
2025-09-26 16:44:58,727 - __main___Intel_2024_10-K_subset - INFO - Valid table saved: data/parsed/camelot_output/Intel_2024_10-K_subset/tables_csv/stream_custom_table_9_page_7.csv
2025-09-26 16:44:58,731 - __main___Intel_2024_10-K_subset - INFO - Filtered table: stream_custom_10 - Reasons: insufficient_size
2025-09-26 16:44:58,739 - __main___Intel_2024_10-K_subset - INFO - Valid table saved: data/parsed/camelot_output/Intel_2024_10-K_subset/tables_csv/stream_custom_table_11_page_8.csv
2025-09-26 16:44:58,743 - __main___Intel_2024_10-K_subset - INFO - Filtered table: stream_custom_12 - Reasons: insufficient_size
2025-09-26 16:44:58,753 - __main___Intel_2024_10-K_subset - INFO - Filtered table: stream_custom_13 - Reasons: insufficient_size
2025-09-26 16:44:58,759 - __main___Intel_2024_10-K_subset - INFO - Filtered table: stream_custom_14 - Reasons: insufficient_size
2025-09-26 16:44:58,767 - __main___Intel_2024_10-K_subset - INFO - Valid table saved: data/parsed/camelot_output/Intel_2024_10-K_subset/tables_csv/stream_custom_table_15_page_11.csv
2025-09-26 16:44:58,773 - __main___Intel_2024_10-K_subset - INFO - Filtered table: stream_custom_16 - Reasons: insufficient_size
2025-09-26 16:44:58,776 - __main___Intel_2024_10-K_subset - INFO - Filtered table: stream_custom_17 - Reasons: insufficient_size
2025-09-26 16:44:58,785 - __main___Intel_2024_10-K_subset - INFO - Valid table saved: data/parsed/camelot_output/Intel_2024_10-K_subset/tables_csv/stream_custom_table_18_page_14.csv
2025-09-26 16:44:58,790 - __main___Intel_2024_10-K_subset - INFO - Filtered table: stream_custom_19 - Reasons: insufficient_size
2025-09-26 16:44:58,797 - __main___Intel_2024_10-K_subset - INFO - Filtered table: stream_custom_20 - Reasons: insufficient_size
2025-09-26 16:44:58,807 - __main___Intel_2024_10-K_subset - INFO - Filtered table: stream_custom_21 - Reasons: insufficient_size
2025-09-26 16:44:58,822 - __main___Intel_2024_10-K_subset - INFO - Valid table saved: data/parsed/camelot_output/Intel_2024_10-K_subset/tables_csv/stream_custom_table_22_page_17.csv
2025-09-26 16:44:58,832 - __main___Intel_2024_10-K_subset - INFO - Valid table saved: data/parsed/camelot_output/Intel_2024_10-K_subset/tables_csv/stream_custom_table_23_page_17.csv
2025-09-26 16:44:58,846 - __main___Intel_2024_10-K_subset - INFO - Valid table saved: data/parsed/camelot_output/Intel_2024_10-K_subset/tables_csv/stream_custom_table_24_page_18.csv
2025-09-26 16:44:58,860 - __main___Intel_2024_10-K_subset - INFO - Valid table saved: data/parsed/camelot_output/Intel_2024_10-K_subset/tables_csv/stream_custom_table_25_page_19.csv
2025-09-26 16:44:58,874 - __main___Intel_2024_10-K_subset - INFO - Valid table saved: data/parsed/camelot_output/Intel_2024_10-K_subset/tables_csv/stream_custom_table_26_page_20.csv
2025-09-26 16:45:01,626 - __main___Intel_2024_10-K_subset - INFO - Stream tight found 26 tables
2025-09-26 16:45:01,652 - __main___Intel_2024_10-K_subset - INFO - Valid table saved: data/parsed/camelot_output/Intel_2024_10-K_subset/tables_csv/stream_tight_table_1_page_1.csv
2025-09-26 16:45:01,656 - __main___Intel_2024_10-K_subset - INFO - Filtered table: stream_tight_2 - Reasons: insufficient_size
2025-09-26 16:45:01,664 - __main___Intel_2024_10-K_subset - INFO - Filtered table: stream_tight_3 - Reasons: insufficient_size
2025-09-26 16:45:01,668 - __main___Intel_2024_10-K_subset - INFO - Filtered table: stream_tight_4 - Reasons: insufficient_size
2025-09-26 16:45:01,677 - __main___Intel_2024_10-K_subset - INFO - Filtered table: stream_tight_5 - Reasons: insufficient_size
2025-09-26 16:45:01,682 - __main___Intel_2024_10-K_subset - INFO - Filtered table: stream_tight_6 - Reasons: insufficient_size
2025-09-26 16:45:01,689 - __main___Intel_2024_10-K_subset - INFO - Filtered table: stream_tight_7 - Reasons: insufficient_size
2025-09-26 16:45:01,695 - __main___Intel_2024_10-K_subset - INFO - Filtered table: stream_tight_8 - Reasons: insufficient_size
2025-09-26 16:45:01,706 - __main___Intel_2024_10-K_subset - INFO - Valid table saved: data/parsed/camelot_output/Intel_2024_10-K_subset/tables_csv/stream_tight_table_9_page_7.csv
2025-09-26 16:45:01,710 - __main___Intel_2024_10-K_subset - INFO - Filtered table: stream_tight_10 - Reasons: insufficient_size
2025-09-26 16:45:01,718 - __main___Intel_2024_10-K_subset - INFO - Valid table saved: data/parsed/camelot_output/Intel_2024_10-K_subset/tables_csv/stream_tight_table_11_page_8.csv
2025-09-26 16:45:01,723 - __main___Intel_2024_10-K_subset - INFO - Filtered table: stream_tight_12 - Reasons: insufficient_size
2025-09-26 16:45:01,732 - __main___Intel_2024_10-K_subset - INFO - Filtered table: stream_tight_13 - Reasons: insufficient_size
2025-09-26 16:45:01,738 - __main___Intel_2024_10-K_subset - INFO - Filtered table: stream_tight_14 - Reasons: insufficient_size
2025-09-26 16:45:01,746 - __main___Intel_2024_10-K_subset - INFO - Valid table saved: data/parsed/camelot_output/Intel_2024_10-K_subset/tables_csv/stream_tight_table_15_page_11.csv
2025-09-26 16:45:01,752 - __main___Intel_2024_10-K_subset - INFO - Filtered table: stream_tight_16 - Reasons: insufficient_size
2025-09-26 16:45:01,756 - __main___Intel_2024_10-K_subset - INFO - Filtered table: stream_tight_17 - Reasons: insufficient_size
2025-09-26 16:45:01,765 - __main___Intel_2024_10-K_subset - INFO - Valid table saved: data/parsed/camelot_output/Intel_2024_10-K_subset/tables_csv/stream_tight_table_18_page_14.csv
2025-09-26 16:45:01,770 - __main___Intel_2024_10-K_subset - INFO - Filtered table: stream_tight_19 - Reasons: insufficient_size
2025-09-26 16:45:01,777 - __main___Intel_2024_10-K_subset - INFO - Filtered table: stream_tight_20 - Reasons: insufficient_size
2025-09-26 16:45:01,787 - __main___Intel_2024_10-K_subset - INFO - Filtered table: stream_tight_21 - Reasons: insufficient_size
2025-09-26 16:45:01,798 - __main___Intel_2024_10-K_subset - INFO - Valid table saved: data/parsed/camelot_output/Intel_2024_10-K_subset/tables_csv/stream_tight_table_22_page_17.csv
2025-09-26 16:45:01,811 - __main___Intel_2024_10-K_subset - INFO - Valid table saved: data/parsed/camelot_output/Intel_2024_10-K_subset/tables_csv/stream_tight_table_23_page_17.csv
2025-09-26 16:45:01,827 - __main___Intel_2024_10-K_subset - INFO - Valid table saved: data/parsed/camelot_output/Intel_2024_10-K_subset/tables_csv/stream_tight_table_24_page_18.csv
2025-09-26 16:45:01,841 - __main___Intel_2024_10-K_subset - INFO - Valid table saved: data/parsed/camelot_output/Intel_2024_10-K_subset/tables_csv/stream_tight_table_25_page_19.csv
2025-09-26 16:45:01,855 - __main___Intel_2024_10-K_subset - INFO - Valid table saved: data/parsed/camelot_output/Intel_2024_10-K_subset/tables_csv/stream_tight_table_26_page_20.csv
2025-09-26 16:45:01,886 - __main___Intel_2024_10-K_subset - INFO - Enhanced filtering: 44 valid, 64 filtered out
2025-09-26 16:45:01,928 - __main___Intel_2024_10-K_subset - INFO - JSON results saved to: data/parsed/camelot_output/Intel_2024_10-K_subset/camelot_enhanced_extraction_Intel_2024_10-K_subset_20250926_164501.json
2025-09-26 16:45:01,928 - __main___Intel_2024_10-K_subset - INFO - === Enhanced Extraction Completed ===
2025-09-26 16:45:01,928 - __main___Intel_2024_10-K_subset - INFO - Summary: 44 valid tables saved to CSV
